<?xml version="1.0" encoding="UTF-8"?>
<!-- Generated by org.testng.reporters.JUnitXMLReporter -->
<testsuite hostname="ATMECSINLT-084" ignored="0" name="Default test" tests="4" failures="0" timestamp="10 Oct 2019 08:43:28 GMT" time="30.635" errors="0">
  <testcase name="Hero_validation" time="5.667" classname="com.magesh.konakart.testscript.konakartHeroVal"/>
  <testcase name="positive_validation" time="2.831" classname="com.magesh.konakart.testscript.konakartHomeScript"/>
  <testcase name="negative_validation" time="1.388" classname="com.magesh.konakart.testscript.konakartHomeScript"/>
  <testcase name="neutral_validation" time="1.432" classname="com.magesh.konakart.testscript.konakartHomeScript"/>
</testsuite> <!-- Default test -->
