<?xml version="1.0" encoding="UTF-8"?>
<!-- Generated by org.testng.reporters.JUnitXMLReporter -->
<testsuite hostname="ATMECSINLT-084" ignored="0" name="Test" tests="4" failures="0" timestamp="10 Oct 2019 09:27:38 GMT" time="30.469" errors="0">
  <testcase name="positive_validation" time="2.096" classname="com.magesh.konakart.testscript.konakartHomeScript"/>
  <testcase name="negative_validation" time="1.302" classname="com.magesh.konakart.testscript.konakartHomeScript"/>
  <testcase name="neutral_validation" time="1.27" classname="com.magesh.konakart.testscript.konakartHomeScript"/>
  <testcase name="Hero_validation" time="4.485" classname="com.magesh.konakart.testscript.konakartHeroVal"/>
</testsuite> <!-- Test -->
