<?xml version="1.0" encoding="UTF-8"?>
<!-- Generated by org.testng.reporters.JUnitXMLReporter -->
<testsuite hostname="ATMECSINLT-084" ignored="0" name="Test" tests="4" failures="0" timestamp="10 Oct 2019 11:31:45 GMT" time="87.577" errors="0">
  <testcase name="positive_validation" time="11.383" classname="com.magesh.konakart.testscript.konakartHomeScript"/>
  <testcase name="negative_validation" time="7.2" classname="com.magesh.konakart.testscript.konakartHomeScript"/>
  <testcase name="neutral_validation" time="6.784" classname="com.magesh.konakart.testscript.konakartHomeScript"/>
  <testcase name="Hero_validation" time="18.372" classname="com.magesh.konakart.testscript.konakartHeroVal"/>
</testsuite> <!-- Test -->
